d:\executive\vs\storemanagement\storemanagement\x64\debug\vc143.pdb
d:\executive\vs\storemanagement\storemanagement\x64\debug\vc143.idb
d:\executive\vs\storemanagement\storemanagement\x64\debug\main.obj
d:\executive\vs\storemanagement\storemanagement\x64\debug\identity.obj
d:\executive\vs\storemanagement\storemanagement\x64\debug\assist.obj
d:\executive\vs\storemanagement\storemanagement\x64\debug\adminoperation.obj
d:\executive\vs\storemanagement\storemanagement\x64\debug\useroperation.obj
d:\executive\vs\storemanagement\storemanagement\x64\debug\storemanagement.ilk
d:\executive\vs\storemanagement\x64\debug\storemanagement.pdb
d:\executive\vs\storemanagement\storemanagement\x64\debug\storemanagement.tlog\cl.command.1.tlog
d:\executive\vs\storemanagement\storemanagement\x64\debug\storemanagement.tlog\cl.items.tlog
d:\executive\vs\storemanagement\storemanagement\x64\debug\storemanagement.tlog\cl.read.1.tlog
d:\executive\vs\storemanagement\storemanagement\x64\debug\storemanagement.tlog\cl.write.1.tlog
d:\executive\vs\storemanagement\storemanagement\x64\debug\storemanagement.tlog\link-cvtres.read.1.tlog
d:\executive\vs\storemanagement\storemanagement\x64\debug\storemanagement.tlog\link-cvtres.write.1.tlog
d:\executive\vs\storemanagement\storemanagement\x64\debug\storemanagement.tlog\link-rc.read.1.tlog
d:\executive\vs\storemanagement\storemanagement\x64\debug\storemanagement.tlog\link-rc.write.1.tlog
d:\executive\vs\storemanagement\storemanagement\x64\debug\storemanagement.tlog\link.9348-cvtres.read.1.tlog
d:\executive\vs\storemanagement\storemanagement\x64\debug\storemanagement.tlog\link.9348-cvtres.write.1.tlog
d:\executive\vs\storemanagement\storemanagement\x64\debug\storemanagement.tlog\link.9348-rc.read.1.tlog
d:\executive\vs\storemanagement\storemanagement\x64\debug\storemanagement.tlog\link.9348-rc.write.1.tlog
d:\executive\vs\storemanagement\storemanagement\x64\debug\storemanagement.tlog\link.9348.read.1.tlog
d:\executive\vs\storemanagement\storemanagement\x64\debug\storemanagement.tlog\link.9348.read.2.tlog
d:\executive\vs\storemanagement\storemanagement\x64\debug\storemanagement.tlog\link.9348.read.3.tlog
d:\executive\vs\storemanagement\storemanagement\x64\debug\storemanagement.tlog\link.9348.read.4.tlog
d:\executive\vs\storemanagement\storemanagement\x64\debug\storemanagement.tlog\link.9348.write.1.tlog
d:\executive\vs\storemanagement\storemanagement\x64\debug\storemanagement.tlog\link.command.1.tlog
d:\executive\vs\storemanagement\storemanagement\x64\debug\storemanagement.tlog\link.read.1.tlog
d:\executive\vs\storemanagement\storemanagement\x64\debug\storemanagement.tlog\link.read.2.tlog
d:\executive\vs\storemanagement\storemanagement\x64\debug\storemanagement.tlog\link.read.3.tlog
d:\executive\vs\storemanagement\storemanagement\x64\debug\storemanagement.tlog\link.read.4.tlog
d:\executive\vs\storemanagement\storemanagement\x64\debug\storemanagement.tlog\link.read.5.tlog
d:\executive\vs\storemanagement\storemanagement\x64\debug\storemanagement.tlog\link.secondary.1.tlog
d:\executive\vs\storemanagement\storemanagement\x64\debug\storemanagement.tlog\link.write.1.tlog
